<?xml version="1.0" encoding="UTF-8"?>
<!-- Generated by org.testng.reporters.JUnitReportReporter -->
<testsuite hostname="Manivannan" failures="0" tests="1" name="com.selenium.test.TC001_Login" time="5.735" errors="0" timestamp="2023-09-18T07:28:23 IST" skipped="0">
  <testcase classname="com.selenium.test.TC001_Login" name="createLeaf" time="5.735"/>
  <system-out/>
</testsuite> <!-- com.selenium.test.TC001_Login -->
